130
22
0
19900
1009900
76612
1064
12030
9046
559
21077
409
13727
10138
28561
2992
3102
14561
15627
2744
13238
1818
8967
452
3082
1035
27507
18325
14731
6679
4198
24917
1595
3598
749170
4924
3107
23967
5813
51073
51264
24849
14090
14244
4965
8483
13002
14811
7540
7099
101809
908
11453
1840
12008
22235
26280
8552
6738
6485
16430
9738
20518
19415
14313
1076
17722
8563
6789
27076
42460
17341
10488
10423
30776
12128
15987
2003
11225
3487
30639
4031
23746
5992
842155
14161
7963
2385
3169
14559
15125
8906
20033
6613
24661
7034
13520
19235
210
205869
6470
10090
4084
5569
27408
32898
27673
6246
7505
928
35305
11663
21924
7505
15703
34923
2443
11724
8193
2997
32548
23102
12472
5144
20844
9411
2514
17711
1375
11571
6205
16995
16877
7939
30216
10673
559054
15485
19572
6895
12214
5957
28352
13530
16955
12765
4755
12612
3660
14970
10486
680
7796
8053
3748
7683
101
25218
113527
6486
8351
2293
1536
4515
10571
8077
28911
8455
7788
1437
24057
8527
914
11837
31514
2357
1724
4531
16443
4814
16129
13938
1869
51409
9887
12041
12875
9849
1078
18641
2738
22194
9230
31160
3335
5763
12194
4113
17782
1250
9761
16334
53857
11414
18542
18186
3748
3244
3481
28541
5453
1440
5428
5488
291287
43831
13586
93802
2754
6912
19144
165483
38913
18496
13080
8423
7710
1495
1121
142707
784
13483
12535
16762
8829
29617
15608
10067
7894
11241
3802
10441
7028
13729
5058
4666
5072
359763
8864
4230
24010
3172
9309
16687
17465
12599
33065
7144
1300
4136
12767
2518
5424
11762
18625
9787
12778
1909
4132
14811
101492
10591
1812
15235
10402
9320
1212
9866
8218
34824
7588
1968
16979
3214
6909
42160
8643
55656
31420
11657
2503
21064
12921
16543
5380
6458
1759
11588
1677
36082
8189
16715
4672
8648
7638
5555
26400
22158
14304
34036
8557
10334
20622
51882
38288
26958
5526
28360
3051
6164
5145
3281
9385
8950
3478
23206
16767
23714
1199
7456
6901
9508
10185
849
4620
6779
34464
1144
1543
877
11035
24425
530
21052
5126
17196
10075
67602
6170
18391
72868
11155
18087
6504
196529
8580
15576
2466
5286
15856
3805
10506
19641
3283
19772
11955
1744
19948
1316
244
12417
10724
10507
20613
13398
2224
4382
9507
27440
20931
24710
7262
6513
2776
12682
23001
26840
4858
288112
319
374
14638
958
113456
5784
91238
12000
136752
146
1859
48806
9863
7109
3895
761
7958
15769
43690
39551
14336
6717
2150
2337
33943
13304
32175
3822
30628
1547
4944
78229
13053
9070
3399
884
10537
16315
9825
9122
14561
21233
2804
11202
6409
1350
22985
6428
1824
7760
3695
11961
2517
3731
1719
9649
2879
9385
8599
14886
3826
4973
14937
5274
18397
21085
48423
732
8678
390
12959
13015
7882
1025
11754
2554
29467
7447
11048
4233
10919
38443
21343
5947
9649
5925
16029
135236
24273
2921
9230
8062
14003
3848
16485
15139
20606
4617
3085
7136
4859
19160
11693
5272
1931
17040
2575
9016
807
6823
11167
41533
24881
3660
3627
5229
8221
6824
13680
3747
114645
6216
3134
6457
12741
3398
1173
5547
11587
121031
18315
6789
1772
13859
9881
4041
14545
10634
5069
68679
17096
14499
842
18611
7341
13448
373
4046
9690
6168
1370
6107
1576
28419
3655
3490
61732
10354
17419
18019
1664
10747
5936
14387
9122
21751
28066
17812
26696
8060
7883
13860
5989
13744
12109
8034
4729
7206
4404
27948
5222
9377
10729
11187
15639
12334
10636
24078
6192
38104
15083
8786
25132
16849
12113
16313
44902
21065
18616
14983
12336
22299
9793
10805
8870
3128
10622
9436
1527
10210
5844
52556
5551
1056
7658
9156
15729
82014
17070
9777
8013
9707
20656
1176
13377
23360
27812
5358
10007
19306
5947
13601
11225
14243
17212
3261
15677
2981
12746
13471
8424
16772
3728
7579
5919
22002
10843
21476
14659
8860
7120
36090
1085
23224
11931
22178
11987
549
9896
543
5989
20882
12012
5479
11522
9050
14810
1431
6162
7117
19767
6953
3384
4723
17094
5891
18101
11197
9920
4491
2781
16696
2151
19508
4147
3422
32368
5312
12776
8905
5956
5200
24990
8683
1538
16587
5949
14769
16419
16015
29835
10186
3292
7537
9127
5744
7382
9054
23370
1946
7273
4106
11855
5579
13761
15532
3407
7412
19186
1903
57122
16893
5201
7752
26976
10673
1967
7686
10129
11695
30314
265321
9392
7567
32864
13715
3758
13303
985
6972
9154
14198
33936
161245
19975
4378
2409
12851
11835
296304
454
5932
496
12506
115143
16732
2870
2523
7466
1913
21022
5338
53983
16596
35695
9242
9253
13062
28045
50419
12651
304
4009
73360
7697
7478
3548
50285
4388
24369
6474
2808
1273
22362
1324
14781
7316
3676
17059
3369
43099
20148
13501
10266
21935
5205
3516
1820
16005
271
4278
22740
10051
6076
1279
11401
18302
22130
13188
3245
10006
18220
100843
5317
2650
53304
6004
14387
10456
6397
16323
21251
4947
85159
3987
3623
14132
14548
6616
8241
10892
8821
17321
782
6806
8682
7829
2788
14545
40599
15764
1037
12936
8773
97312
3473
10431
3406
324
29859
3191
6737
9526
8200
1356
15894
6281
8422
4446
18569
10719
4071
15938
18113
12
15035
2798
1085
9199
20584
30829
24482
13811
2621
5735
15314
6218
13697
8773
16779
5675
4096
30576
7749
13770
20021
13558
12128
9288
3482
2539
246
8863
4938
8186
14880
6854
12101
8137
43670
14565
7691
10651
1804
19423
19041
57315
9570
1067
7342
4918
1719
4629
14016
4056
142571
14326
15160
25371
20205
7442
72
7301
35790
7512
11602
192796
9647
10149
10195
40671
9964
24421
9440
16772
15292
9050
711
13126
191761
4208
89063
5583
98352
5528
2910
6347
10841
8916
6700
147181
1759
9677
1227
20180
39915
11608
9022
3114
17091
12854
5356
57852
39496
12634
13287
27908
5970
1621
2780
5953
18054
15471
7853
18662
17265
10049
4929
2156
11738
10682
126721
14647
2235
8445
25162
33356
11586
9238
8072
9994
6703
5349
13199
81540
6471
824
20963
329012
16655
8807
17553
13281
7363
13134
29999
5060
9480
46846
4968
3879
3754
8733
11521
18549
3787
